  cs232_proj1_driver.cpp
C:\Users\patri\OneDrive\Desktop\CS232_LABS\Project1\Graph.t(149,1): warning C4267: 'return': conversion from 'size_t' to 'int', possible loss of data
C:\Users\patri\OneDrive\Desktop\CS232_LABS\Project1\Graph.t(143): message : while compiling class template member function 'int Graph<std::string,int>::AddVertex(V &)'
          with
          [
              V=std::string
          ]
C:\Users\patri\OneDrive\Desktop\CS232_LABS\Project1\cs232_proj1_driver.cpp(87): message : see reference to function template instantiation 'int Graph<std::string,int>::AddVertex(V &)' being compiled
          with
          [
              V=std::string
          ]
C:\Users\patri\OneDrive\Desktop\CS232_LABS\Project1\cs232_proj1_driver.cpp(31): message : see reference to class template instantiation 'Graph<std::string,int>' being compiled
C:\Users\patri\OneDrive\Desktop\CS232_LABS\Project1\Graph.t(397,1): warning C4267: 'initializing': conversion from 'size_t' to 'int', possible loss of data
C:\Users\patri\OneDrive\Desktop\CS232_LABS\Project1\Graph.t(344): message : while compiling class template member function 'double Graph<std::string,int>::ShortestDistance(V &,V &)'
          with
          [
              V=std::string
          ]
C:\Users\patri\OneDrive\Desktop\CS232_LABS\Project1\cs232_proj1_driver.cpp(148): message : see reference to function template instantiation 'double Graph<std::string,int>::ShortestDistance(V &,V &)' being compiled
          with
          [
              V=std::string
          ]
  Graph.cpp
  Generating code
  Previous IPDB not found, fall back to full compilation.
  All 511 functions were compiled because no usable IPDB/IOBJ from previous compilation was found.
  Finished generating code
  Project1.vcxproj -> C:\Users\patri\OneDrive\Desktop\CS232_LABS\Project1\x64\Release\Project1.exe
